<?xml version="1.0" encoding="UTF-8"?>
<!-- Generated by org.testng.reporters.JUnitReportReporter -->
<testsuite hostname="LAPTOP-OK1OD856" failures="0" tests="1" name="testPackage.excel" time="0.895" errors="0" timestamp="27 Sep 2022 12:28:00 GMT">
  <testcase classname="testPackage.excel" name="test" time="0.895"/>
</testsuite> <!-- testPackage.excel -->
