<?xml version="1.0" encoding="UTF-8"?>
<!-- Generated by org.testng.reporters.JUnitReportReporter -->
<testsuite hostname="LAPTOP-OK1OD856" failures="0" tests="2" name="Mvn_project.Rest_api_Test" time="0.003" errors="0" timestamp="2022-08-26T00:20:52 PST" skipped="0">
  <testcase classname="Mvn_project.Rest_api_Test" name="tokenGenerator" time="0.001"/>
  <system-out/>
  <testcase classname="Mvn_project.Rest_api_Test" name="requestPOST" time="0.002"/>
  <system-out/>
</testsuite> <!-- Mvn_project.Rest_api_Test -->
