<?xml version="1.0" encoding="UTF-8"?>
<!-- Generated by org.testng.reporters.JUnitReportReporter -->
<testsuite hostname="LAPTOP-OK1OD856" failures="0" tests="2" name="Mvn_project.Mvn_project.Selenium_Test" time="0.010" errors="0" timestamp="2022-08-23T08:04:02 PST" skipped="0">
  <testcase classname="Mvn_project.Mvn_project.Selenium_Test" name="userLogin" time="0.009"/>
  <system-out/>
  <testcase classname="Mvn_project.Mvn_project.Selenium_Test" name="userSignin" time="0.001"/>
  <system-out/>
</testsuite> <!-- Mvn_project.Mvn_project.Selenium_Test -->
