<?xml version="1.0" encoding="UTF-8"?>
<!-- Generated by org.testng.reporters.JUnitReportReporter -->
<testsuite hostname="LAPTOP-OK1OD856" failures="0" tests="1" name="Extent_Reporting" time="11.256" errors="0" timestamp="2022-08-26T00:20:21 PST" skipped="0">
  <testcase classname="Extent_Reporting" name="invokingBrowser" time="11.256"/>
  <system-out/>
</testsuite> <!-- Extent_Reporting -->
