<?xml version="1.0" encoding="UTF-8"?>
<!-- Generated by org.testng.reporters.JUnitReportReporter -->
<testsuite hostname="LAPTOP-OK1OD856" failures="0" tests="1" name="Extent_Reporting" time="8.183" errors="0" timestamp="2022-09-05T12:51:57 PST" skipped="0">
  <testcase classname="Extent_Reporting" name="invokingBrowser" time="8.183"/>
  <system-out/>
</testsuite> <!-- Extent_Reporting -->
