<?xml version="1.0" encoding="UTF-8"?>
<!-- Generated by org.testng.reporters.JUnitReportReporter -->
<testsuite hostname="LAPTOP-OK1OD856" failures="0" tests="3" name="testPackage.ErrorLogin_test_with_excelDriven_dataProvider" time="14.991" errors="0" timestamp="27 Sep 2022 12:42:05 GMT">
  <testcase classname="testPackage.ErrorLogin_test_with_excelDriven_dataProvider" name="incorrectPassword" time="6.783"/>
  <testcase classname="testPackage.ErrorLogin_test_with_excelDriven_dataProvider" name="incorrectPassword" time="4.213"/>
  <testcase classname="testPackage.ErrorLogin_test_with_excelDriven_dataProvider" name="incorrectPassword" time="3.995"/>
</testsuite> <!-- testPackage.ErrorLogin_test_with_excelDriven_dataProvider -->
