<?xml version="1.0" encoding="UTF-8"?>
<!-- Generated by org.testng.reporters.JUnitReportReporter -->
<testsuite hostname="LAPTOP-OK1OD856" failures="0" tests="2" name="testPackage.SubmitOrder_test" time="24.147" errors="0" timestamp="22 Sep 2022 07:58:29 GMT">
  <testcase classname="testPackage.SubmitOrder_test" name="orderHistory" time="12.065"/>
  <testcase classname="testPackage.SubmitOrder_test" name="submitOrder" time="12.082"/>
</testsuite> <!-- testPackage.SubmitOrder_test -->
