<?xml version="1.0" encoding="UTF-8"?>
<!-- Generated by org.testng.reporters.JUnitReportReporter -->
<testsuite hostname="LAPTOP-OK1OD856" failures="0" tests="3" name="testPackage.ErrorLogin_test_with_dataProvider" time="16.048" errors="0" timestamp="5 Sep 2022 11:55:23 GMT">
  <testcase classname="testPackage.ErrorLogin_test_with_dataProvider" name="incorrectPassword" time="4.998"/>
  <testcase classname="testPackage.ErrorLogin_test_with_dataProvider" name="incorrectPassword" time="5.080"/>
  <testcase classname="testPackage.ErrorLogin_test_with_dataProvider" name="incorrectPassword" time="5.970"/>
</testsuite> <!-- testPackage.ErrorLogin_test_with_dataProvider -->
