<?xml version="1.0" encoding="UTF-8"?>
<!-- Generated by org.testng.reporters.JUnitReportReporter -->
<testsuite hostname="LAPTOP-OK1OD856" failures="0" tests="1" name="tests.ChromeBrowser_Test" time="26.831" errors="0" timestamp="6 Sep 2022 04:54:22 GMT">
  <testcase classname="tests.ChromeBrowser_Test" name="googleTest" time="26.831"/>
</testsuite> <!-- tests.ChromeBrowser_Test -->
