<?xml version="1.0" encoding="UTF-8"?>
<!-- Generated by org.testng.reporters.JUnitReportReporter -->
<testsuite hostname="LAPTOP-OK1OD856" failures="0" tests="1" name="tests.BaseClass" time="30.459" errors="0" timestamp="5 Sep 2022 00:17:18 GMT">
  <testcase classname="tests.BaseClass" name="sampleTest" time="30.459"/>
</testsuite> <!-- tests.BaseClass -->
