<?xml version="1.0" encoding="UTF-8"?>
<!-- Generated by org.testng.reporters.JUnitReportReporter -->
<testsuite hostname="LAPTOP-OK1OD856" failures="0" tests="1" name="tests.Calculator_Test" time="20.255" errors="0" timestamp="5 Sep 2022 01:08:29 GMT">
  <testcase classname="tests.Calculator_Test" name="calculatorTest" time="20.255"/>
</testsuite> <!-- tests.Calculator_Test -->
