<?xml version="1.0" encoding="UTF-8"?>
<!-- Generated by org.testng.reporters.JUnitReportReporter -->
<testsuite hostname="LAPTOP-OK1OD856" failures="0" tests="1" name="tests.NativeApp_Test" time="30.199" errors="0" timestamp="6 Sep 2022 07:41:49 GMT">
  <testcase classname="tests.NativeApp_Test" name="calculatorTest" time="30.199"/>
</testsuite> <!-- tests.NativeApp_Test -->
